<?xml version="1.0" encoding="UTF-8"?>
<testng-results ignored="0" total="2" passed="2" failed="0" skipped="0">
  <reporter-output>
  </reporter-output>
  <suite started-at="2024-03-16T12:30:19 IST" name="Surefire suite" finished-at="2024-03-16T12:30:35 IST" duration-ms="15540">
    <groups>
    </groups>
    <test started-at="2024-03-16T12:30:19 IST" name="Surefire test" finished-at="2024-03-16T12:30:35 IST" duration-ms="15540">
      <class name="basic.ContactsTest">
        <test-method signature="CreateContactsTest()[pri:0, instance:basic.ContactsTest@7d20d0b]" started-at="2024-03-16T12:30:20 IST" name="CreateContactsTest" finished-at="2024-03-16T12:30:30 IST" duration-ms="10780" status="PASS">
          <reporter-output>
          </reporter-output>
        </test-method> <!-- CreateContactsTest -->
      </class> <!-- basic.ContactsTest -->
      <class name="basic.OrganizationsTest">
        <test-method signature="CreateOrganizationsTest()[pri:0, instance:basic.OrganizationsTest@66d18979]" started-at="2024-03-16T12:30:30 IST" name="CreateOrganizationsTest" finished-at="2024-03-16T12:30:35 IST" duration-ms="4660" status="PASS">
          <reporter-output>
          </reporter-output>
        </test-method> <!-- CreateOrganizationsTest -->
      </class> <!-- basic.OrganizationsTest -->
    </test> <!-- Surefire test -->
  </suite> <!-- Surefire suite -->
</testng-results>
