<?xml version="1.0" encoding="UTF-8"?>
<testng-results ignored="0" total="1" passed="1" failed="0" skipped="0">
  <reporter-output>
  </reporter-output>
  <suite started-at="2024-03-15T12:53:32 IST" name="Default suite" finished-at="2024-03-15T12:53:41 IST" duration-ms="8746">
    <groups>
    </groups>
    <test started-at="2024-03-15T12:53:32 IST" name="Default test" finished-at="2024-03-15T12:53:41 IST" duration-ms="8746">
      <class name="basic.OrganizationsTest">
        <test-method signature="CreateOrganizationsTest()[pri:0, instance:basic.OrganizationsTest@3d1cfad4]" started-at="2024-03-15T12:53:33 IST" name="CreateOrganizationsTest" finished-at="2024-03-15T12:53:41 IST" duration-ms="8648" status="PASS">
          <reporter-output>
          </reporter-output>
        </test-method> <!-- CreateOrganizationsTest -->
      </class> <!-- basic.OrganizationsTest -->
    </test> <!-- Default test -->
  </suite> <!-- Default suite -->
</testng-results>
